[30/10/2016-11:25:19] [ INFO ] - Matt_deamon: Started.
[30/10/2016-11:25:19] [ INFO ] - Matt_deamon: Creating server.
[30/10/2016-11:25:19] [ INFO ] - Matt_deamon: Server created.
[30/10/2016-11:25:22] [ INFO ] - Matt_deamon: Quitting.
[30/10/2016-11:28:5] [ INFO ] - Matt_deamon: Started.
[30/10/2016-11:28:5] [ INFO ] - Matt_deamon: Creating server.
[30/10/2016-11:28:5] [ INFO ] - Matt_deamon: Server created.
[30/10/2016-11:28:8] [ INFO ] - Matt_deamon: Quitting.
[30/10/2016-11:43:20] [ INFO ] - Matt_deamon: Started.
[30/10/2016-11:43:20] [ INFO ] - Matt_deamon: Creating server.
[30/10/2016-11:43:20] [ INFO ] - Matt_deamon: Server created.
[30/10/2016-11:44:44] [ INFO ] - Matt_deamon: Started.
[30/10/2016-11:44:44] [ INFO ] - Matt_deamon: Started.
[30/10/2016-11:44:44] [ INFO ] - Matt_deamon: Creating server.
[30/10/2016-11:44:44] [ INFO ] - Matt_deamon: Creating server.
[30/10/2016-11:44:44] [ INFO ] - Matt_deamon: Server created.
[30/10/2016-11:44:44] [ INFO ] - Matt_deamon: Server created.
[30/10/2016-11:45:23] [ INFO ] - Matt_deamon: Started.
[30/10/2016-11:45:23] [ INFO ] - Matt_deamon: Creating server.
[30/10/2016-11:45:23] [ INFO ] - Matt_deamon: Server created.
[30/10/2016-11:51:58] [ INFO ] - Matt_deamon: Started.
[30/10/2016-11:51:58] [ INFO ] - Matt_deamon: Creating server.
[30/10/2016-11:51:58] [ INFO ] - Matt_deamon: Server created.
[30/10/2016-11:52:4] [ LOG ] - Matt_deamon: salut
[30/10/2016-11:52:6] [ INFO ] - Matt_deamon: Quitting.
[30/10/2016-11:52:22] [ INFO ] - Matt_deamon: Started.
[30/10/2016-11:52:22] [ INFO ] - Matt_deamon: Creating server.
[30/10/2016-11:52:22] [ INFO ] - Matt_deamon: Started.
[30/10/2016-11:52:22] [ INFO ] - Matt_deamon: Creating server.
[30/10/2016-11:52:22] [ INFO ] - Matt_deamon: Server created.
[30/10/2016-11:52:22] [ INFO ] - Matt_deamon: Server created.
[30/10/2016-11:52:34] [ INFO ] - Matt_deamon: Started.
[30/10/2016-11:52:34] [ INFO ] - Matt_deamon: Started.
[30/10/2016-11:52:34] [ INFO ] - Matt_deamon: Creating server.
[30/10/2016-11:52:35] [ INFO ] - Matt_deamon: Server created.
[30/10/2016-11:52:35] [ INFO ] - Matt_deamon: Creating server.
[30/10/2016-11:52:35] [ INFO ] - Matt_deamon: Server created.
[30/10/2016-12:6:47] [ INFO ] - Matt_deamon: Started.
[30/10/2016-12:6:47] [ INFO ] - Matt_deamon: Creating server.
[30/10/2016-12:6:47] [ INFO ] - Matt_deamon: Server created.
[30/10/2016-12:6:52] [ INFO ] - Matt_deamon: Quitting.
[30/10/2016-12:6:52] [ INFO ] - Matt_deamon: Started.
[30/10/2016-12:6:52] [ INFO ] - Matt_deamon: Creating server.
[30/10/2016-12:6:52] [ INFO ] - Matt_deamon: Server created.
[30/10/2016-12:9:3] [ INFO ] - Matt_deamon: Started.
[30/10/2016-12:9:3] [ INFO ] - Matt_deamon: Creating server.
[30/10/2016-12:9:3] [ INFO ] - Matt_deamon: Server created.
[30/10/2016-12:10:5] [ INFO ] - Matt_deamon: Started.
[30/10/2016-12:10:5] [ INFO ] - Matt_deamon: Creating server.
[30/10/2016-12:10:5] [ INFO ] - Matt_deamon: Server created.
[30/10/2016-12:10:17] [ LOG ] - Matt_deamon: salut
[30/10/2016-12:10:18] [ INFO ] - Matt_deamon: Quitting.
[30/10/2016-12:52:5] [ INFO ] - Matt_deamon: Started.
[30/10/2016-12:52:5] [ INFO ] - Matt_deamon: Creating server.
[30/10/2016-12:52:5] [ INFO ] - Matt_deamon: Server created.
[30/10/2016-12:53:7] [ INFO ] - Matt_deamon: Started.
[30/10/2016-12:53:7] [ INFO ] - Matt_deamon: Creating server.
[30/10/2016-12:53:7] [ INFO ] - Matt_deamon: Server created.
